\BOOKMARK [0][]{makecovercn.0}{\376\377\116\055\145\207\134\001\227\142}{}% 1
\BOOKMARK [0][]{makecoveren.0}{\376\377\202\361\145\207\134\001\227\142}{}% 2
\BOOKMARK [0][]{makecoverinner.0}{\376\377\230\230\166\356\230\165}{}% 3
\BOOKMARK [0][]{makestatementbuaa.0}{\376\377\123\027\202\052\130\360\146\016}{}% 4
\BOOKMARK [0][]{abstructkeyword.0}{\376\377\116\055\202\361\144\130\211\201}{}% 5
\BOOKMARK [0][]{makecontextlist.0}{\376\377\166\356\137\125}{}% 6
\BOOKMARK [0][]{listoffigures.0}{\376\377\126\376\166\356\137\125}{}% 7
\BOOKMARK [0][]{listoftables.0}{\376\377\210\150\166\356\137\125}{}% 8
\BOOKMARK [0][]{denotation.0}{\376\377\116\073\211\201\173\046\123\367\210\150}{}% 9
\BOOKMARK [0][]{chapter.7}{\376\377\173\054\116\000\172\340\000\040\000\040\176\352\213\272}{}% 10
\BOOKMARK [1][]{section.9}{\376\377\0001\000.\0001\000\040\151\202\217\360}{chapter.7}% 11
\BOOKMARK [1][]{section.10}{\376\377\0001\000.\0002\000\040\121\205\133\271\211\201\154\102}{chapter.7}% 12
\BOOKMARK [2][]{subsection.12}{\376\377\0001\000.\0002\000.\0001\000\040\134\001\227\142}{section.10}% 13
\BOOKMARK [2][]{subsection.13}{\376\377\0001\000.\0002\000.\0002\000\040\230\230\124\015\230\165}{section.10}% 14
\BOOKMARK [2][]{subsection.14}{\376\377\0001\000.\0002\000.\0003\000\040\162\354\122\033\140\047\130\360\146\016\124\214\117\177\165\050\143\210\147\103\116\146}{section.10}% 15
\BOOKMARK [2][]{subsection.15}{\376\377\0001\000.\0002\000.\0004\000\040\144\130\211\201}{section.10}% 16
\BOOKMARK [2][]{subsection.16}{\376\377\0001\000.\0002\000.\0005\000\040\166\356\137\125}{section.10}% 17
\BOOKMARK [2][]{subsection.17}{\376\377\0001\000.\0002\000.\0006\000\040\126\376\210\150\156\005\123\125\123\312\116\073\211\201\173\046\123\367\210\150}{section.10}% 18
\BOOKMARK [2][]{subsection.18}{\376\377\0001\000.\0002\000.\0007\000\040\116\073\117\123\220\350\122\006}{section.10}% 19
\BOOKMARK [2][]{subsection.19}{\376\377\0001\000.\0002\000.\0008\000\040\123\302\200\003\145\207\163\056}{section.10}% 20
\BOOKMARK [2][]{subsection.20}{\376\377\0001\000.\0002\000.\0009\000\040\226\104\137\125}{section.10}% 21
\BOOKMARK [2][]{subsection.21}{\376\377\0001\000.\0002\000.\0001\0000\000\040\142\020\147\234}{section.10}% 22
\BOOKMARK [2][]{subsection.22}{\376\377\0001\000.\0002\000.\0001\0001\000\040\201\364\214\042}{section.10}% 23
\BOOKMARK [2][]{subsection.23}{\376\377\0001\000.\0002\000.\0001\0002\000\040\117\134\200\005\173\200\116\313}{section.10}% 24
\BOOKMARK [0][]{chapter.24}{\376\377\173\054\116\214\172\340\000\040\000\040\213\364\146\016}{}% 25
\BOOKMARK [1][]{section.25}{\376\377\0002\000.\0001\000\040\133\217\123\005\117\177\165\050}{chapter.24}% 26
\BOOKMARK [1][]{section.27}{\376\377\0002\000.\0002\000\040\220\011\230\171\213\276\177\156}{chapter.24}% 27
\BOOKMARK [1][]{section.28}{\376\377\0002\000.\0003\000\040\172\340\202\202\144\260\121\231}{chapter.24}% 28
\BOOKMARK [1][]{section.29}{\376\377\0002\000.\0004\000\040\154\350\141\017\116\213\230\171}{chapter.24}% 29
\BOOKMARK [1][]{section.30}{\376\377\0002\000.\0005\000\040\000T\000o\000D\000o}{chapter.24}% 30
\BOOKMARK [1][]{section.31}{\376\377\0002\000.\0006\000\040\141\017\211\301\123\312\225\356\230\230\123\315\231\210}{chapter.24}% 31
\BOOKMARK [0][]{chapter.33}{\376\377\173\054\116\011\172\340\000\040\000\040\171\072\117\213}{}% 32
\BOOKMARK [1][]{section.34}{\376\377\0003\000.\0001\000\040\123\302\200\003\145\207\163\056\137\025\165\050}{chapter.33}% 33
\BOOKMARK [2][]{subsection.35}{\376\377\0003\000.\0001\000.\0001\000\040\145\160\133\127\150\007\154\350}{section.34}% 34
\BOOKMARK [2][]{subsection.36}{\376\377\0003\000.\0001\000.\0002\000\040\145\160\133\127\150\007\154\350\000-\116\012\150\007\137\142\137\017}{section.34}% 35
\BOOKMARK [2][]{subsection.37}{\376\377\0003\000.\0001\000.\0003\000\040\204\127\200\005\000-\121\372\162\110\136\164\122\066\150\007}{section.34}% 36
\BOOKMARK [2][]{subsection.38}{\376\377\0003\000.\0001\000.\0004\000\040\121\166\116\326\137\142\137\017\166\204\150\007\154\350}{section.34}% 37
\BOOKMARK [1][]{section.39}{\376\377\0003\000.\0002\000\040\155\156\122\250\117\123}{chapter.33}% 38
\BOOKMARK [1][]{section.40}{\376\377\0003\000.\0003\000\040\173\227\154\325\163\257\130\203}{chapter.33}% 39
\BOOKMARK [2][]{subsection.53}{\376\377\0003\000.\0003\000.\0001\000\040\116\011\176\277\210\150}{section.40}% 40
\BOOKMARK [1][]{section.56}{\376\377\0003\000.\0004\000\040\225\177\210\150\150\074}{chapter.33}% 41
\BOOKMARK [1][]{section.58}{\376\377\0003\000.\0005\000\040\143\322\126\376}{chapter.33}% 42
\BOOKMARK [1][]{section.60}{\376\377\0003\000.\0006\000\040\145\160\133\146\163\257\130\203}{chapter.33}% 43
\BOOKMARK [2][]{subsection.61}{\376\377\0003\000.\0006\000.\0001\000\040\145\160\133\146\173\046\123\367}{section.60}% 44
\BOOKMARK [2][]{subsection.65}{\376\377\0003\000.\0006\000.\0002\000\040\133\232\164\006\060\001\137\025\164\006\124\214\213\301\146\016}{section.60}% 45
\BOOKMARK [2][]{subsection.83}{\376\377\0003\000.\0006\000.\0003\000\040\201\352\133\232\116\111}{section.60}% 46
\BOOKMARK [0][]{chapter*.87}{\376\377\176\323\000\040\000\040\000\040\000\040\213\272}{}% 47
\BOOKMARK [0][]{section*.88}{\376\377\123\302\200\003\145\207\163\056}{}% 48
\BOOKMARK [0][]{chapter*.90}{\376\377\226\104\000\040\000\040\000\040\000\040\137\125}{}% 49
\BOOKMARK [0][]{chapter*.96}{\376\377\145\073\213\373\123\132\130\353\133\146\117\115\147\037\225\364\123\326\137\227\166\204\170\024\172\166\142\020\147\234}{}% 50
\BOOKMARK [0][]{chapter*.100}{\376\377\201\364\000\040\000\040\000\040\000\040\214\042}{}% 51
\BOOKMARK [0][]{chapter*.101}{\376\377\117\134\200\005\173\200\116\313}{}% 52
\BOOKMARK [0][]{chapter*.102}{\376\377\226\104\000\040\000\040\000\040\000\040\137\125}{}% 53
